# JRE version: Java(TM) SE Runtime Environment (8.0_171-b11) (build 1.8.0_171-b11)
# Java VM: Java HotSpot(TM) 64-Bit Server VM (25.171-b11 mixed mode windows-amd64 compressed oops)
Heap:
 PSYoungGen      total 31744K, used 14810K [0x00000000eab00000, 0x00000000ecc00000, 0x0000000100000000)
  eden space 29696K, 43% used [0x00000000eab00000,0x00000000eb79cc20,0x00000000ec800000)
  from space 2048K, 92% used [0x00000000ec800000,0x00000000ec9d9f60,0x00000000eca00000)
  to   space 2048K, 0% used [0x00000000eca00000,0x00000000eca00000,0x00000000ecc00000)
 ParOldGen       total 152576K, used 125323K [0x00000000c0000000, 0x00000000c9500000, 0x00000000eab00000)
  object space 152576K, 82% used [0x00000000c0000000,0x00000000c7a62ce8,0x00000000c9500000)
 Metaspace       used 64738K, capacity 68518K, committed 68608K, reserved 1110016K
  class space    used 6526K, capacity 7675K, committed 7680K, reserved 1048576K
GC Heap History (10 events):
Event: 416.063 GC heap before
{Heap before GC invocations=135 (full 6):
 PSYoungGen      total 29184K, used 27890K [0x00000000eab00000, 0x00000000ecc00000, 0x0000000100000000)
  eden space 23552K, 100% used [0x00000000eab00000,0x00000000ec200000,0x00000000ec200000)
  from space 5632K, 77% used [0x00000000ec680000,0x00000000ecabc850,0x00000000ecc00000)
  to   space 4608K, 0% used [0x00000000ec200000,0x00000000ec200000,0x00000000ec680000)
 ParOldGen       total 152576K, used 123444K [0x00000000c0000000, 0x00000000c9500000, 0x00000000eab00000)
  object space 152576K, 80% used [0x00000000c0000000,0x00000000c788d018,0x00000000c9500000)
 Metaspace       used 64216K, capacity 67990K, committed 68096K, reserved 1110016K
  class space    used 6510K, capacity 7671K, committed 7680K, reserved 1048576K
Event: 416.066 GC heap after
Heap after GC invocations=135 (full 6):
 PSYoungGen      total 28160K, used 3258K [0x00000000eab00000, 0x00000000ecc00000, 0x0000000100000000)
  eden space 23552K, 0% used [0x00000000eab00000,0x00000000eab00000,0x00000000ec200000)
  from space 4608K, 70% used [0x00000000ec200000,0x00000000ec52ebb0,0x00000000ec680000)
  to   space 4096K, 0% used [0x00000000ec800000,0x00000000ec800000,0x00000000ecc00000)
 ParOldGen       total 152576K, used 123556K [0x00000000c0000000, 0x00000000c9500000, 0x00000000eab00000)
  object space 152576K, 80% used [0x00000000c0000000,0x00000000c78a9018,0x00000000c9500000)
 Metaspace       used 64216K, capacity 67990K, committed 68096K, reserved 1110016K
  class space    used 6510K, capacity 7671K, committed 7680K, reserved 1048576K
}
Event: 418.187 GC heap before
{Heap before GC invocations=136 (full 6):
 PSYoungGen      total 28160K, used 26810K [0x00000000eab00000, 0x00000000ecc00000, 0x0000000100000000)
  eden space 23552K, 100% used [0x00000000eab00000,0x00000000ec200000,0x00000000ec200000)
  from space 4608K, 70% used [0x00000000ec200000,0x00000000ec52ebb0,0x00000000ec680000)
  to   space 4096K, 0% used [0x00000000ec800000,0x00000000ec800000,0x00000000ecc00000)
 ParOldGen       total 152576K, used 123556K [0x00000000c0000000, 0x00000000c9500000, 0x00000000eab00000)
  object space 152576K, 80% used [0x00000000c0000000,0x00000000c78a9018,0x00000000c9500000)
 Metaspace       used 64289K, capacity 68054K, committed 68096K, reserved 1110016K
  class space    used 6510K, capacity 7671K, committed 7680K, reserved 1048576K
Event: 418.192 GC heap after
Heap after GC invocations=136 (full 6):
 PSYoungGen      total 31232K, used 1815K [0x00000000eab00000, 0x00000000ecc00000, 0x0000000100000000)
  eden space 27136K, 0% used [0x00000000eab00000,0x00000000eab00000,0x00000000ec580000)
  from space 4096K, 44% used [0x00000000ec800000,0x00000000ec9c5f60,0x00000000ecc00000)
  to   space 2560K, 0% used [0x00000000ec580000,0x00000000ec580000,0x00000000ec800000)
 ParOldGen       total 152576K, used 125203K [0x00000000c0000000, 0x00000000c9500000, 0x00000000eab00000)
  object space 152576K, 82% used [0x00000000c0000000,0x00000000c7a44ce8,0x00000000c9500000)
 Metaspace       used 64289K, capacity 68054K, committed 68096K, reserved 1110016K
  class space    used 6510K, capacity 7671K, committed 7680K, reserved 1048576K
}
Event: 420.555 GC heap before
{Heap before GC invocations=137 (full 6):
 PSYoungGen      total 31232K, used 28951K [0x00000000eab00000, 0x00000000ecc00000, 0x0000000100000000)
  eden space 27136K, 100% used [0x00000000eab00000,0x00000000ec580000,0x00000000ec580000)
  from space 4096K, 44% used [0x00000000ec800000,0x00000000ec9c5f60,0x00000000ecc00000)
  to   space 2560K, 0% used [0x00000000ec580000,0x00000000ec580000,0x00000000ec800000)
 ParOldGen       total 152576K, used 125203K [0x00000000c0000000, 0x00000000c9500000, 0x00000000eab00000)
  object space 152576K, 82% used [0x00000000c0000000,0x00000000c7a44ce8,0x00000000c9500000)
 Metaspace       used 64538K, capacity 68262K, committed 68352K, reserved 1110016K
  class space    used 6526K, capacity 7675K, committed 7680K, reserved 1048576K
Event: 420.558 GC heap after
Heap after GC invocations=137 (full 6):
 PSYoungGen      total 29696K, used 1685K [0x00000000eab00000, 0x00000000ecc00000, 0x0000000100000000)
  eden space 27136K, 0% used [0x00000000eab00000,0x00000000eab00000,0x00000000ec580000)
  from space 2560K, 65% used [0x00000000ec580000,0x00000000ec725608,0x00000000ec800000)
  to   space 2048K, 0% used [0x00000000eca00000,0x00000000eca00000,0x00000000ecc00000)
 ParOldGen       total 152576K, used 125243K [0x00000000c0000000, 0x00000000c9500000, 0x00000000eab00000)
  object space 152576K, 82% used [0x00000000c0000000,0x00000000c7a4ece8,0x00000000c9500000)
 Metaspace       used 64538K, capacity 68262K, committed 68352K, reserved 1110016K
  class space    used 6526K, capacity 7675K, committed 7680K, reserved 1048576K
}
Event: 430.260 GC heap before
{Heap before GC invocations=138 (full 6):
 PSYoungGen      total 29696K, used 28821K [0x00000000eab00000, 0x00000000ecc00000, 0x0000000100000000)
  eden space 27136K, 100% used [0x00000000eab00000,0x00000000ec580000,0x00000000ec580000)
  from space 2560K, 65% used [0x00000000ec580000,0x00000000ec725608,0x00000000ec800000)
  to   space 2048K, 0% used [0x00000000eca00000,0x00000000eca00000,0x00000000ecc00000)
 ParOldGen       total 152576K, used 125243K [0x00000000c0000000, 0x00000000c9500000, 0x00000000eab00000)
  object space 152576K, 82% used [0x00000000c0000000,0x00000000c7a4ece8,0x00000000c9500000)
 Metaspace       used 64605K, capacity 68326K, committed 68352K, reserved 1110016K
  class space    used 6526K, capacity 7675K, committed 7680K, reserved 1048576K
Event: 430.263 GC heap after
Heap after GC invocations=138 (full 6):
 PSYoungGen      total 31744K, used 1475K [0x00000000eab00000, 0x00000000ecc00000, 0x0000000100000000)
  eden space 29696K, 0% used [0x00000000eab00000,0x00000000eab00000,0x00000000ec800000)
  from space 2048K, 72% used [0x00000000eca00000,0x00000000ecb70d70,0x00000000ecc00000)
  to   space 2048K, 0% used [0x00000000ec800000,0x00000000ec800000,0x00000000eca00000)
 ParOldGen       total 152576K, used 125283K [0x00000000c0000000, 0x00000000c9500000, 0x00000000eab00000)
  object space 152576K, 82% used [0x00000000c0000000,0x00000000c7a58ce8,0x00000000c9500000)
 Metaspace       used 64605K, capacity 68326K, committed 68352K, reserved 1110016K
  class space    used 6526K, capacity 7675K, committed 7680K, reserved 1048576K
}
Event: 513.865 GC heap before
{Heap before GC invocations=139 (full 6):
 PSYoungGen      total 31744K, used 31171K [0x00000000eab00000, 0x00000000ecc00000, 0x0000000100000000)
  eden space 29696K, 100% used [0x00000000eab00000,0x00000000ec800000,0x00000000ec800000)
  from space 2048K, 72% used [0x00000000eca00000,0x00000000ecb70d70,0x00000000ecc00000)
  to   space 2048K, 0% used [0x00000000ec800000,0x00000000ec800000,0x00000000eca00000)
 ParOldGen       total 152576K, used 125283K [0x00000000c0000000, 0x00000000c9500000, 0x00000000eab00000)
  object space 152576K, 82% used [0x00000000c0000000,0x00000000c7a58ce8,0x00000000c9500000)
 Metaspace       used 64695K, capacity 68518K, committed 68608K, reserved 1110016K
  class space    used 6526K, capacity 7675K, committed 7680K, reserved 1048576K
Event: 513.867 GC heap after
Heap after GC invocations=139 (full 6):
 PSYoungGen      total 31744K, used 1895K [0x00000000eab00000, 0x00000000ecc00000, 0x0000000100000000)
  eden space 29696K, 0% used [0x00000000eab00000,0x00000000eab00000,0x00000000ec800000)
  from space 2048K, 92% used [0x00000000ec800000,0x00000000ec9d9f60,0x00000000eca00000)
  to   space 2048K, 0% used [0x00000000eca00000,0x00000000eca00000,0x00000000ecc00000)
 ParOldGen       total 152576K, used 125323K [0x00000000c0000000, 0x00000000c9500000, 0x00000000eab00000)
  object space 152576K, 82% used [0x00000000c0000000,0x00000000c7a62ce8,0x00000000c9500000)
 Metaspace       used 64695K, capacity 68518K, committed 68608K, reserved 1110016K
  class space    used 6526K, capacity 7675K, committed 7680K, reserved 1048576K
}

